#
# A fatal error has been detected by the Java Runtime Environment:
#
#  EXCEPTION_ACCESS_VIOLATION (0xc0000005) at pc=0x00007ffa4a145738, pid=13620, tid=12184
#
# JRE version: OpenJDK Runtime Environment Temurin-17.0.7+7 (17.0.7+7) (build 17.0.7+7)
# Java VM: OpenJDK 64-Bit Server VM Temurin-17.0.7+7 (17.0.7+7, mixed mode, emulated-client, tiered, compressed oops, compressed class ptrs, g1 gc, windows-amd64)
# Problematic frame:
# C  [net.dll+0x5738]
#
# No core dump will be written. Minidumps are not enabled by default on client versions of Windows
#
# If you would like to submit a bug report, please visit:
#   https://github.com/adoptium/adoptium-support/issues
# The crash happened outside the Java Virtual Machine in native code.
# See problematic frame for where to report the bug.
#

---------------  S U M M A R Y ------------

Command Line: -Dcom.sun.management.jmxremote -Dcom.sun.management.jmxremote.port=64603 -Dcom.sun.management.jmxremote.authenticate=false -Dcom.sun.management.jmxremote.ssl=false -Djava.rmi.server.hostname=localhost -Dspring.jmx.enabled=true -Dmanagement.endpoints.jmx.exposure.include=* -Dspring.application.admin.enabled=true -XX:TieredStopAtLevel=1 -Dspring.boot.project.name=Algamoney-api -Dfile.encoding=UTF-8 -XX:+ShowCodeDetailsInExceptionMessages com.lsinformatica.algamoney.AlgamoneyApiApplication --spring.output.ansi.enabled=always

Host: 11th Gen Intel(R) Core(TM) i7-1165G7 @ 2.80GHz, 8 cores, 15G,  Windows 10 , 64 bit Build 19041 (10.0.19041.2251)
Time: Tue Jun 13 16:06:18 2023 Hora oficial do Brasil elapsed time: 13099.665984 seconds (0d 3h 38m 19s)

---------------  T H R E A D  ---------------

Current thread (0x0000016b6e567230):  JavaThread "RMI TCP Connection(228)-127.0.0.1" daemon [_thread_in_native, id=12184, stack(0x0000006b37200000,0x0000006b37300000)]

Stack: [0x0000006b37200000,0x0000006b37300000],  sp=0x0000006b372fc940,  free space=1010k
Native frames: (J=compiled Java code, j=interpreted, Vv=VM code, C=native code)
C  [net.dll+0x5738]

Java frames: (J=compiled Java code, j=interpreted, Vv=VM code)
j  java.net.NetworkInterface.getAll()[Ljava/net/NetworkInterface;+0 java.base@17.0.7
j  java.net.NetworkInterface.getNetworkInterfaces()Ljava/util/Enumeration;+0 java.base@17.0.7
j  org.apache.tomcat.util.net.AbstractEndpoint.getUnlockAddress(Ljava/net/InetSocketAddress;)Ljava/net/InetSocketAddress;+14
j  org.apache.tomcat.util.net.AbstractEndpoint.unlockAccept()V+97
j  org.apache.tomcat.util.net.NioEndpoint.unlockAccept()V+8
j  org.apache.tomcat.util.net.AbstractEndpoint.closeServerSocketGraceful()V+23
j  org.apache.coyote.AbstractProtocol.closeServerSocketGraceful()V+4
j  org.apache.catalina.core.StandardService.stopInternal()V+35
j  org.apache.catalina.util.LifecycleBase.stop()V+214
j  org.apache.catalina.core.StandardServer.stopInternal()V+82
j  org.apache.catalina.util.LifecycleBase.stop()V+214
j  org.apache.catalina.startup.Tomcat.stop()V+9
j  org.springframework.boot.web.embedded.tomcat.TomcatWebServer.stopTomcat()V+29
j  org.springframework.boot.web.embedded.tomcat.TomcatWebServer.stop()V+32
j  org.springframework.boot.web.servlet.context.WebServerStartStopLifecycle.stop()V+9
j  org.springframework.context.SmartLifecycle.stop(Ljava/lang/Runnable;)V+1
j  org.springframework.context.support.DefaultLifecycleProcessor.doStop(Ljava/util/Map;Ljava/lang/String;Ljava/util/concurrent/CountDownLatch;Ljava/util/Set;)V+152
j  org.springframework.context.support.DefaultLifecycleProcessor$LifecycleGroup.stop()V+163
j  org.springframework.context.support.DefaultLifecycleProcessor.stopBeans()V+100
j  org.springframework.context.support.DefaultLifecycleProcessor.onClose()V+1
j  org.springframework.context.support.AbstractApplicationContext.doClose()V+89
j  org.springframework.boot.web.servlet.context.ServletWebServerApplicationContext.doClose()V+15
j  org.springframework.context.support.AbstractApplicationContext.close()V+8
j  org.springframework.boot.admin.SpringApplicationAdminMXBeanRegistrar$SpringApplicationAdmin.shutdown()V+17
v  ~StubRoutines::call_stub
J 4281  jdk.internal.reflect.NativeMethodAccessorImpl.invoke0(Ljava/lang/reflect/Method;Ljava/lang/Object;[Ljava/lang/Object;)Ljava/lang/Object; java.base@17.0.7 (0 bytes) @ 0x0000016b58fded27 [0x0000016b58fdeca0+0x0000000000000087]
J 4280 c1 jdk.internal.reflect.NativeMethodAccessorImpl.invoke(Ljava/lang/Object;[Ljava/lang/Object;)Ljava/lang/Object; java.base@17.0.7 (137 bytes) @ 0x0000016b58fe02cc [0x0000016b58fdff80+0x000000000000034c]
J 4195 c1 jdk.internal.reflect.DelegatingMethodAccessorImpl.invoke(Ljava/lang/Object;[Ljava/lang/Object;)Ljava/lang/Object; java.base@17.0.7 (10 bytes) @ 0x0000016b58fc4b64 [0x0000016b58fc4b20+0x0000000000000044]
J 4196 c1 java.lang.reflect.Method.invoke(Ljava/lang/Object;[Ljava/lang/Object;)Ljava/lang/Object; java.base@17.0.7 (65 bytes) @ 0x0000016b58fc4f6c [0x0000016b58fc4e60+0x000000000000010c]
j  sun.reflect.misc.Trampoline.invoke(Ljava/lang/reflect/Method;Ljava/lang/Object;[Ljava/lang/Object;)Ljava/lang/Object;+7
j  jdk.internal.reflect.GeneratedMethodAccessor17.invoke(Ljava/lang/Object;[Ljava/lang/Object;)Ljava/lang/Object;+40
J 4195 c1 jdk.internal.reflect.DelegatingMethodAccessorImpl.invoke(Ljava/lang/Object;[Ljava/lang/Object;)Ljava/lang/Object; java.base@17.0.7 (10 bytes) @ 0x0000016b58fc4b64 [0x0000016b58fc4b20+0x0000000000000044]
J 4196 c1 java.lang.reflect.Method.invoke(Ljava/lang/Object;[Ljava/lang/Object;)Ljava/lang/Object; java.base@17.0.7 (65 bytes) @ 0x0000016b58fc4f6c [0x0000016b58fc4e60+0x000000000000010c]
j  sun.reflect.misc.MethodUtil.invoke(Ljava/lang/reflect/Method;Ljava/lang/Object;[Ljava/lang/Object;)Ljava/lang/Object;+20 java.base@17.0.7
j  com.sun.jmx.mbeanserver.ConvertingMethod.invokeWithOpenReturn(Ljava/lang/Object;[Ljava/lang/Object;)Ljava/lang/Object;+42 java.management@17.0.7
j  com.sun.jmx.mbeanserver.ConvertingMethod.invokeWithOpenReturn(Lcom/sun/jmx/mbeanserver/MXBeanLookup;Ljava/lang/Object;[Ljava/lang/Object;)Ljava/lang/Object;+12 java.management@17.0.7
j  com.sun.jmx.mbeanserver.MXBeanIntrospector.invokeM2(Lcom/sun/jmx/mbeanserver/ConvertingMethod;Ljava/lang/Object;[Ljava/lang/Object;Ljava/lang/Object;)Ljava/lang/Object;+8 java.management@17.0.7
j  com.sun.jmx.mbeanserver.MXBeanIntrospector.invokeM2(Ljava/lang/Object;Ljava/lang/Object;[Ljava/lang/Object;Ljava/lang/Object;)Ljava/lang/Object;+9 java.management@17.0.7
j  com.sun.jmx.mbeanserver.MBeanIntrospector.invokeM(Ljava/lang/Object;Ljava/lang/Object;[Ljava/lang/Object;Ljava/lang/Object;)Ljava/lang/Object;+6 java.management@17.0.7
j  com.sun.jmx.mbeanserver.PerInterface.invoke(Ljava/lang/Object;Ljava/lang/String;[Ljava/lang/Object;[Ljava/lang/String;Ljava/lang/Object;)Ljava/lang/Object;+202 java.management@17.0.7
j  com.sun.jmx.mbeanserver.MBeanSupport.invoke(Ljava/lang/String;[Ljava/lang/Object;[Ljava/lang/String;)Ljava/lang/Object;+15 java.management@17.0.7
j  com.sun.jmx.interceptor.DefaultMBeanServerInterceptor.invoke(Ljavax/management/ObjectName;Ljava/lang/String;[Ljava/lang/Object;[Ljava/lang/String;)Ljava/lang/Object;+29 java.management@17.0.7
j  com.sun.jmx.mbeanserver.JmxMBeanServer.invoke(Ljavax/management/ObjectName;Ljava/lang/String;[Ljava/lang/Object;[Ljava/lang/String;)Ljava/lang/Object;+13 java.management@17.0.7
j  javax.management.remote.rmi.RMIConnectionImpl.doOperation(I[Ljava/lang/Object;)Ljava/lang/Object;+370 java.management.rmi@17.0.7
j  javax.management.remote.rmi.RMIConnectionImpl$PrivilegedOperation.run()Ljava/lang/Object;+12 java.management.rmi@17.0.7
j  javax.management.remote.rmi.RMIConnectionImpl.doPrivilegedOperation(I[Ljava/lang/Object;Ljavax/security/auth/Subject;)Ljava/lang/Object;+81 java.management.rmi@17.0.7
j  javax.management.remote.rmi.RMIConnectionImpl.invoke(Ljavax/management/ObjectName;Ljava/lang/String;Ljava/rmi/MarshalledObject;[Ljava/lang/String;Ljavax/security/auth/Subject;)Ljava/lang/Object;+136 java.management.rmi@17.0.7
j  jdk.internal.reflect.GeneratedMethodAccessor19.invoke(Ljava/lang/Object;[Ljava/lang/Object;)Ljava/lang/Object;+72 java.base@17.0.7
J 4195 c1 jdk.internal.reflect.DelegatingMethodAccessorImpl.invoke(Ljava/lang/Object;[Ljava/lang/Object;)Ljava/lang/Object; java.base@17.0.7 (10 bytes) @ 0x0000016b58fc4b64 [0x0000016b58fc4b20+0x0000000000000044]
J 4196 c1 java.lang.reflect.Method.invoke(Ljava/lang/Object;[Ljava/lang/Object;)Ljava/lang/Object; java.base@17.0.7 (65 bytes) @ 0x0000016b58fc4f6c [0x0000016b58fc4e60+0x000000000000010c]
j  sun.rmi.server.UnicastServerRef.dispatch(Ljava/rmi/Remote;Ljava/rmi/server/RemoteCall;)V+264 java.rmi@17.0.7
j  sun.rmi.transport.Transport$1.run()Ljava/lang/Void;+23 java.rmi@17.0.7
J 6590 c1 sun.rmi.transport.Transport.serviceCall(Ljava/rmi/server/RemoteCall;)Z java.rmi@17.0.7 (349 bytes) @ 0x0000016b591e539c [0x0000016b591e4a60+0x000000000000093c]
j  sun.rmi.transport.tcp.TCPTransport.handleMessages(Lsun/rmi/transport/Connection;Z)V+145 java.rmi@17.0.7
j  sun.rmi.transport.tcp.TCPTransport$ConnectionHandler.run0()V+522 java.rmi@17.0.7
j  sun.rmi.transport.tcp.TCPTransport$ConnectionHandler.lambda$run$0()Ljava/lang/Void;+1 java.rmi@17.0.7
j  sun.rmi.transport.tcp.TCPTransport$ConnectionHandler$$Lambda$187+0x00000008001caa68.run()Ljava/lang/Object;+4 java.rmi@17.0.7
J 2757 c1 java.security.AccessController.doPrivileged(Ljava/security/PrivilegedAction;Ljava/security/AccessControlContext;)Ljava/lang/Object; java.base@17.0.7 (17 bytes) @ 0x0000016b58d8c324 [0x0000016b58d8c2c0+0x0000000000000064]
j  sun.rmi.transport.tcp.TCPTransport$ConnectionHandler.run()V+37 java.rmi@17.0.7
j  java.util.concurrent.ThreadPoolExecutor.runWorker(Ljava/util/concurrent/ThreadPoolExecutor$Worker;)V+92 java.base@17.0.7
j  java.util.concurrent.ThreadPoolExecutor$Worker.run()V+5 java.base@17.0.7
j  java.lang.Thread.run()V+11 java.base@17.0.7
v  ~StubRoutines::call_stub

siginfo: EXCEPTION_ACCESS_VIOLATION (0xc0000005), reading address 0x0000016b6e591010


Register to memory mapping:

RIP=0x00007ffa4a145738 net.dll
RAX=0x0000000000000001 is an unknown value
RBX=0x0000016b6c4c51c0 points into unknown readable memory: 0x88031a0000000002 | 02 00 00 00 00 1a 03 88
RCX=0x0 is NULL
RDX=0x0 is NULL
RSP=0x0000006b372fc940 is pointing into the stack for thread: 0x0000016b6e567230
RBP=0x00000000000053bb is an unknown value
RSI=0x0000016b6c4c51c0 points into unknown readable memory: 0x88031a0000000002 | 02 00 00 00 00 1a 03 88
RDI=0x0000016b6e567230 is a thread
R8 =0x0000000000000001 is an unknown value
R9 =0x0000000000000040 is an unknown value
R10=0x0 is NULL
R11=0x9e3cc07feebf004f is an unknown value
R12=0x0000006b372fc9d0 is pointing into the stack for thread: 0x0000016b6e567230
R13=0x0000016b6e3169b0 points into unknown readable memory: 0x0000016b6cf69ce0 | e0 9c f6 6c 6b 01 00 00
R14=0x0000000000001be9 is an unknown value
R15=0x000000000000001e is an unknown value


Registers:
RAX=0x0000000000000001, RBX=0x0000016b6c4c51c0, RCX=0x0000000000000000, RDX=0x0000000000000000
RSP=0x0000006b372fc940, RBP=0x00000000000053bb, RSI=0x0000016b6c4c51c0, RDI=0x0000016b6e567230
R8 =0x0000000000000001, R9 =0x0000000000000040, R10=0x0000000000000000, R11=0x9e3cc07feebf004f
R12=0x0000006b372fc9d0, R13=0x0000016b6e3169b0, R14=0x0000000000001be9, R15=0x000000000000001e
RIP=0x00007ffa4a145738, EFLAGS=0x0000000000010207

Top of Stack: (sp=0x0000006b372fc940)
0x0000006b372fc940:   0000016b6c4c5620 0000016b6e5674d8
0x0000006b372fc950:   0000016b6e5674d8 00007ffa4a145fd7
0x0000006b372fc960:   0000006b372fcaf0 0000006b372fcba0
0x0000006b372fc970:   00000000ffffffff 000000000000004a
0x0000006b372fc980:   0000016b6e3169b0 00007ffa4a146dc1
0x0000006b372fc990:   0000016b6e5674d8 0000016b6e5674d8
0x0000006b372fc9a0:   0000006b372fca39 0000016b6e3169b0
0x0000006b372fc9b0:   0000000000000000 0000000000000000
0x0000006b372fc9c0:   0000016b6e567230 0000016b6d627d10
0x0000006b372fc9d0:   0000016b6e567230 fffffffe00000000
0x0000006b372fc9e0:   0000000000000000 0000000000000000
0x0000006b372fc9f0:   0000016b6e567230 00007ff9d07cc9c4
0x0000006b372fca00:   0000006b372fcc90 0000016b6e567230
0x0000006b372fca10:   0000000000000000 00000000000000b8
0x0000006b372fca20:   0000006b372fcb30 00007ff9d053442d
0x0000006b372fca30:   0000016b689f7678 0000000000000015 

Instructions: (pc=0x00007ffa4a145738)
0x00007ffa4a145638:   ff ff 48 8b cb 48 8b 5b 40 ff 15 69 9c 00 00 48
0x00007ffa4a145648:   8b cb 48 85 db 75 ee e9 bf fb ff ff 48 8b cb 48
0x00007ffa4a145658:   8b 5b 40 ff 15 4f 9c 00 00 48 8b cb 48 85 db 75
0x00007ffa4a145668:   ee e9 a5 fb ff ff 48 8b cb 48 8b 5b 40 ff 15 35
0x00007ffa4a145678:   9c 00 00 48 8b cb 48 85 db 75 ee e9 8b fb ff ff
0x00007ffa4a145688:   48 89 5c 24 08 48 89 74 24 10 57 48 83 ec 20 48
0x00007ffa4a145698:   8b f2 49 8b f8 48 8d 54 24 48 48 8b d9 e8 76 08
0x00007ffa4a1456a8:   00 00 85 c0 79 04 33 c0 eb 22 4c 8b 4c 24 48 4c
0x00007ffa4a1456b8:   8b c7 48 8b d6 48 8b cb e8 1f 00 00 00 48 8b 4c
0x00007ffa4a1456c8:   24 48 8b d8 ff 15 de 9b 00 00 8b c3 48 8b 5c 24
0x00007ffa4a1456d8:   30 48 8b 74 24 38 48 83 c4 20 5f c3 48 8b c4 48
0x00007ffa4a1456e8:   89 58 10 48 89 68 18 48 89 70 20 48 89 48 08 57
0x00007ffa4a1456f8:   41 54 41 55 41 56 41 57 48 83 ec 20 4c 8b ea 49
0x00007ffa4a145708:   8b f9 33 d2 4d 8b e0 4d 85 c9 75 07 33 c0 e9 ec
0x00007ffa4a145718:   00 00 00 44 8b fa 48 8b da 44 8b f2 41 39 11 0f
0x00007ffa4a145728:   86 d3 00 00 00 41 8b c6 48 8d 2c 40 41 8b 45 10
0x00007ffa4a145738:   39 44 ef 08 0f 85 ad 00 00 00 39 54 ef 04 0f 84
0x00007ffa4a145748:   a3 00 00 00 b9 48 00 00 00 ff 15 61 9b 00 00 33
0x00007ffa4a145758:   d2 48 8b f0 48 85 c0 0f 84 bf 00 00 00 44 8d 42
0x00007ffa4a145768:   02 66 44 89 00 8b 44 ef 04 89 46 04 41 8b 45 14
0x00007ffa4a145778:   83 f8 18 77 0a b9 40 82 00 01 0f a3 c1 72 0a 83
0x00007ffa4a145788:   f8 47 74 05 83 c8 ff eb 49 66 44 89 46 1c ba 01
0x00007ffa4a145798:   00 00 00 8b 44 ef 0c 8b c8 23 4c ef 04 39 54 ef
0x00007ffa4a1457a8:   10 75 06 f7 d0 0b c1 eb 02 8b c1 89 46 20 8b 4c
0x00007ffa4a1457b8:   ef 0c ff 15 40 9a 00 00 33 d2 8b c8 66 89 56 38
0x00007ffa4a1457c8:   85 c0 74 12 8b c2 44 8d 42 01 66 41 03 c0 03 c9
0x00007ffa4a1457d8:   75 f8 66 89 46 38 b8 01 00 00 00 48 89 5e 40 44
0x00007ffa4a1457e8:   03 f8 48 8b de eb 05 b8 01 00 00 00 44 03 f0 44
0x00007ffa4a1457f8:   3b 37 0f 82 2d ff ff ff 49 89 1c 24 41 8b c7 48
0x00007ffa4a145808:   8b 5c 24 58 48 8b 6c 24 60 48 8b 74 24 68 48 83
0x00007ffa4a145818:   c4 20 41 5f 41 5e 41 5d 41 5c 5f c3 48 8b 4c 24
0x00007ffa4a145828:   50 48 8d 15 c0 a2 00 00 e8 28 83 00 00 eb 0a 48 


Stack slot to memory mapping:
stack at sp + 0 slots: 0x0000016b6c4c5620 points into unknown readable memory: 0x8803140000000002 | 02 00 00 00 00 14 03 88
stack at sp + 1 slots: 0x0000016b6e5674d8 points into unknown readable memory: 0x00007ff9d0cb17e0 | e0 17 cb d0 f9 7f 00 00
stack at sp + 2 slots: 0x0000016b6e5674d8 points into unknown readable memory: 0x00007ff9d0cb17e0 | e0 17 cb d0 f9 7f 00 00
stack at sp + 3 slots: 0x00007ffa4a145fd7 net.dll
stack at sp + 4 slots: 0x0000006b372fcaf0 is pointing into the stack for thread: 0x0000016b6e567230
stack at sp + 5 slots: 0x0000006b372fcba0 is pointing into the stack for thread: 0x0000016b6e567230
stack at sp + 6 slots: 0x00000000ffffffff is an unknown value
stack at sp + 7 slots: 0x000000000000004a is an unknown value


---------------  P R O C E S S  ---------------

Threads class SMR info:
_java_thread_list=0x0000016b6e39b270, length=38, elements={
0x0000016b677ce9c0, 0x0000016b67830eb0, 0x0000016b67866010, 0x0000016b678685e0,
0x0000016b67869730, 0x0000016b6786a880, 0x0000016b6786f720, 0x0000016b678748c0,
0x0000016b67796500, 0x0000016b67a6e540, 0x0000016b6c4447d0, 0x0000016b6c45b1c0,
0x0000016b6c6213c0, 0x0000016b6cc0b0b0, 0x0000016b6cc4fc20, 0x0000016b6d5e5090,
0x0000016b6d5e5560, 0x0000016b6d5e4bc0, 0x0000016b6d5e2ee0, 0x0000016b6d5e2a10,
0x0000016b6d5e3880, 0x0000016b6d5e46f0, 0x0000016b6d5e5a30, 0x0000016b6d5e33b0,
0x0000016b6d5e2070, 0x0000016b6d5e2540, 0x0000016b6d5e3d50, 0x0000016b6e56b590,
0x0000016b6e567700, 0x0000016b6e56ba60, 0x0000016b6e566d60, 0x0000016b6e5680a0,
0x0000016b6e568f10, 0x0000016b6e565ef0, 0x0000016b6e5693e0, 0x0000016b6e568570,
0x0000016b6e567230, 0x0000016b6e569d80
}

Java Threads: ( => current thread )
  0x0000016b677ce9c0 JavaThread "Reference Handler" daemon [_thread_blocked, id=20800, stack(0x0000006b37c00000,0x0000006b37d00000)]
  0x0000016b67830eb0 JavaThread "Finalizer" daemon [_thread_blocked, id=12048, stack(0x0000006b37d00000,0x0000006b37e00000)]
  0x0000016b67866010 JavaThread "Signal Dispatcher" daemon [_thread_blocked, id=14088, stack(0x0000006b37e00000,0x0000006b37f00000)]
  0x0000016b678685e0 JavaThread "Attach Listener" daemon [_thread_blocked, id=18300, stack(0x0000006b37f00000,0x0000006b38000000)]
  0x0000016b67869730 JavaThread "Service Thread" daemon [_thread_blocked, id=10356, stack(0x0000006b38000000,0x0000006b38100000)]
  0x0000016b6786a880 JavaThread "Monitor Deflation Thread" daemon [_thread_blocked, id=4524, stack(0x0000006b38100000,0x0000006b38200000)]
  0x0000016b6786f720 JavaThread "C1 CompilerThread0" daemon [_thread_blocked, id=2664, stack(0x0000006b38200000,0x0000006b38300000)]
  0x0000016b678748c0 JavaThread "Sweeper thread" daemon [_thread_blocked, id=14108, stack(0x0000006b38300000,0x0000006b38400000)]
  0x0000016b67796500 JavaThread "Common-Cleaner" daemon [_thread_blocked, id=6088, stack(0x0000006b38400000,0x0000006b38500000)]
  0x0000016b67a6e540 JavaThread "Notification Thread" daemon [_thread_blocked, id=17696, stack(0x0000006b38800000,0x0000006b38900000)]
  0x0000016b6c4447d0 JavaThread "RMI TCP Accept-0" daemon [_thread_in_native, id=18464, stack(0x0000006b38900000,0x0000006b38a00000)]
  0x0000016b6c45b1c0 JavaThread "RMI TCP Accept-64603" daemon [_thread_in_native, id=9716, stack(0x0000006b38a00000,0x0000006b38b00000)]
  0x0000016b6c6213c0 JavaThread "RMI TCP Accept-0" daemon [_thread_in_native, id=13164, stack(0x0000006b38b00000,0x0000006b38c00000)]
  0x0000016b6cc0b0b0 JavaThread "RMI Scheduler(0)" daemon [_thread_blocked, id=8444, stack(0x0000006b39900000,0x0000006b39a00000)]
  0x0000016b6cc4fc20 JavaThread "JMX server connection timeout 25" daemon [_thread_blocked, id=16012, stack(0x0000006b39b00000,0x0000006b39c00000)]
  0x0000016b6d5e5090 JavaThread "Catalina-utility-1" [_thread_blocked, id=1236, stack(0x0000006b39c00000,0x0000006b39d00000)]
  0x0000016b6d5e5560 JavaThread "Catalina-utility-2" [_thread_blocked, id=12532, stack(0x0000006b39e00000,0x0000006b39f00000)]
  0x0000016b6d5e4bc0 JavaThread "container-0" [_thread_blocked, id=19736, stack(0x0000006b39f00000,0x0000006b3a000000)]
  0x0000016b6d5e2ee0 JavaThread "mysql-cj-abandoned-connection-cleanup" daemon [_thread_blocked, id=6440, stack(0x0000006b3a000000,0x0000006b3a100000)]
  0x0000016b6d5e2a10 JavaThread "HikariPool-1 housekeeper" daemon [_thread_blocked, id=6168, stack(0x0000006b3a200000,0x0000006b3a300000)]
  0x0000016b6d5e3880 JavaThread "File Watcher" daemon [_thread_blocked, id=17188, stack(0x0000006b3a400000,0x0000006b3a500000)]
  0x0000016b6d5e46f0 JavaThread "Live Reload Server" daemon [_thread_in_native, id=3320, stack(0x0000006b3a600000,0x0000006b3a700000)]
  0x0000016b6d5e5a30 JavaThread "http-nio-8080-exec-1" daemon [_thread_blocked, id=12316, stack(0x0000006b3a500000,0x0000006b3a600000)]
  0x0000016b6d5e33b0 JavaThread "http-nio-8080-exec-2" daemon [_thread_blocked, id=11824, stack(0x0000006b3a700000,0x0000006b3a800000)]
  0x0000016b6d5e2070 JavaThread "http-nio-8080-exec-3" daemon [_thread_blocked, id=18180, stack(0x0000006b3a800000,0x0000006b3a900000)]
  0x0000016b6d5e2540 JavaThread "http-nio-8080-exec-4" daemon [_thread_blocked, id=7932, stack(0x0000006b3a900000,0x0000006b3aa00000)]
  0x0000016b6d5e3d50 JavaThread "http-nio-8080-exec-5" daemon [_thread_blocked, id=16616, stack(0x0000006b3aa00000,0x0000006b3ab00000)]
  0x0000016b6e56b590 JavaThread "http-nio-8080-exec-6" daemon [_thread_blocked, id=15780, stack(0x0000006b3ab00000,0x0000006b3ac00000)]
  0x0000016b6e567700 JavaThread "http-nio-8080-exec-7" daemon [_thread_blocked, id=7184, stack(0x0000006b3ac00000,0x0000006b3ad00000)]
  0x0000016b6e56ba60 JavaThread "http-nio-8080-exec-8" daemon [_thread_blocked, id=17616, stack(0x0000006b3ad00000,0x0000006b3ae00000)]
  0x0000016b6e566d60 JavaThread "http-nio-8080-exec-9" daemon [_thread_blocked, id=11164, stack(0x0000006b3ae00000,0x0000006b3af00000)]
  0x0000016b6e5680a0 JavaThread "http-nio-8080-exec-10" daemon [_thread_blocked, id=6240, stack(0x0000006b3af00000,0x0000006b3b000000)]
  0x0000016b6e568f10 JavaThread "http-nio-8080-Poller" daemon [_thread_in_native, id=4604, stack(0x0000006b3b000000,0x0000006b3b100000)]
  0x0000016b6e565ef0 JavaThread "http-nio-8080-Acceptor" daemon [_thread_in_native, id=18696, stack(0x0000006b3b100000,0x0000006b3b200000)]
  0x0000016b6e5693e0 JavaThread "DestroyJavaVM" [_thread_blocked, id=16024, stack(0x0000006b37500000,0x0000006b37600000)]
  0x0000016b6e568570 JavaThread "RMI TCP Connection(227)-127.0.0.1" daemon [_thread_in_native, id=3300, stack(0x0000006b3b400000,0x0000006b3b500000)]
=>0x0000016b6e567230 JavaThread "RMI TCP Connection(228)-127.0.0.1" daemon [_thread_in_native, id=12184, stack(0x0000006b37200000,0x0000006b37300000)]
  0x0000016b6e569d80 JavaThread "JMX server connection timeout 152" daemon [_thread_blocked, id=28716, stack(0x0000006b37300000,0x0000006b37400000)]

Other Threads:
  0x0000016b677cd880 VMThread "VM Thread" [stack: 0x0000006b37b00000,0x0000006b37c00000] [id=7644]
  0x0000016b5505e030 WatcherThread [stack: 0x0000006b38c00000,0x0000006b38d00000] [id=18428]
  0x0000016b550455f0 GCTaskThread "GC Thread#0" [stack: 0x0000006b37600000,0x0000006b37700000] [id=7476]
  0x0000016b6c7bded0 GCTaskThread "GC Thread#1" [stack: 0x0000006b38d00000,0x0000006b38e00000] [id=11596]
  0x0000016b6c7db2f0 GCTaskThread "GC Thread#2" [stack: 0x0000006b38e00000,0x0000006b38f00000] [id=20736]
  0x0000016b6c7db5a0 GCTaskThread "GC Thread#3" [stack: 0x0000006b38f00000,0x0000006b39000000] [id=3440]
  0x0000016b6c7db850 GCTaskThread "GC Thread#4" [stack: 0x0000006b39000000,0x0000006b39100000] [id=15212]
  0x0000016b6c7dbb00 GCTaskThread "GC Thread#5" [stack: 0x0000006b39100000,0x0000006b39200000] [id=15580]
  0x0000016b6cb5bfb0 GCTaskThread "GC Thread#6" [stack: 0x0000006b39200000,0x0000006b39300000] [id=14068]
  0x0000016b6cb5d680 GCTaskThread "GC Thread#7" [stack: 0x0000006b39300000,0x0000006b39400000] [id=16892]
  0x0000016b550567d0 ConcurrentGCThread "G1 Main Marker" [stack: 0x0000006b37700000,0x0000006b37800000] [id=14264]
  0x0000016b550570e0 ConcurrentGCThread "G1 Conc#0" [stack: 0x0000006b37800000,0x0000006b37900000] [id=2668]
  0x0000016b6cdacae0 ConcurrentGCThread "G1 Conc#1" [stack: 0x0000006b39d00000,0x0000006b39e00000] [id=12832]
  0x0000016b67665500 ConcurrentGCThread "G1 Refine#0" [stack: 0x0000006b37900000,0x0000006b37a00000] [id=4768]
  0x0000016b6c7dcdd0 ConcurrentGCThread "G1 Refine#1" [stack: 0x0000006b39400000,0x0000006b39500000] [id=5432]
  0x0000016b6c7dd0b0 ConcurrentGCThread "G1 Refine#2" [stack: 0x0000006b39500000,0x0000006b39600000] [id=10088]
  0x0000016b5509ad70 ConcurrentGCThread "G1 Service" [stack: 0x0000006b37a00000,0x0000006b37b00000] [id=20584]

Threads with active compile tasks:

VM state: not at safepoint (normal execution)

VM Mutex/Monitor currently owned by a thread: None

Heap address: 0x0000000704000000, size: 4032 MB, Compressed Oops mode: Zero based, Oop shift amount: 3

CDS archive(s) not mapped
Compressed class space mapped at: 0x0000000800000000-0x0000000840000000, reserved size: 1073741824
Narrow klass base: 0x0000000800000000, Narrow klass shift: 0, Narrow klass range: 0x40000000

GC Precious Log:
 CPUs: 8 total, 8 available
 Memory: 16125M
 Large Page Support: Disabled
 NUMA Support: Disabled
 Compressed Oops: Enabled (Zero based)
 Heap Region Size: 2M
 Heap Min Capacity: 8M
 Heap Initial Capacity: 252M
 Heap Max Capacity: 4032M
 Pre-touch: Disabled
 Parallel Workers: 8
 Concurrent Workers: 2
 Concurrent Refinement Workers: 8
 Periodic GC: Disabled

Heap:
 garbage-first heap   total 83968K, used 53235K [0x0000000704000000, 0x0000000800000000)
  region size 2048K, 13 young (26624K), 1 survivors (2048K)
 Metaspace       used 74012K, committed 74624K, reserved 1114112K
  class space    used 10236K, committed 10496K, reserved 1048576K

Heap Regions: E=young(eden), S=young(survivor), O=old, HS=humongous(starts), HC=humongous(continues), CS=collection set, F=free, OA=open archive, CA=closed archive, TAMS=top-at-mark-start (previous, next)
|   0|0x0000000704000000, 0x0000000704200000, 0x0000000704200000|100%| O|  |TAMS 0x0000000704200000, 0x0000000704000000| Untracked 
|   1|0x0000000704200000, 0x0000000704400000, 0x0000000704400000|100%| O|  |TAMS 0x0000000704400000, 0x0000000704200000| Untracked 
|   2|0x0000000704400000, 0x0000000704600000, 0x0000000704600000|100%| O|  |TAMS 0x0000000704600000, 0x0000000704400000| Untracked 
|   3|0x0000000704600000, 0x0000000704800000, 0x0000000704800000|100%| O|  |TAMS 0x0000000704800000, 0x0000000704600000| Untracked 
|   4|0x0000000704800000, 0x0000000704a00000, 0x0000000704a00000|100%| O|  |TAMS 0x0000000704a00000, 0x0000000704800000| Untracked 
|   5|0x0000000704a00000, 0x0000000704c00000, 0x0000000704c00000|100%| O|  |TAMS 0x0000000704c00000, 0x0000000704a00000| Untracked 
|   6|0x0000000704c00000, 0x0000000704c7f400, 0x0000000704e00000| 24%| O|  |TAMS 0x0000000704c7f400, 0x0000000704c00000| Untracked 
|   7|0x0000000704e00000, 0x0000000705000000, 0x0000000705000000|100%| O|  |TAMS 0x0000000705000000, 0x0000000704e00000| Untracked 
|   8|0x0000000705000000, 0x0000000705200000, 0x0000000705200000|100%| O|  |TAMS 0x0000000705200000, 0x0000000705000000| Untracked 
|   9|0x0000000705200000, 0x0000000705400000, 0x0000000705400000|100%| O|  |TAMS 0x0000000705400000, 0x0000000705200000| Untracked 
|  10|0x0000000705400000, 0x0000000705600000, 0x0000000705600000|100%| O|  |TAMS 0x0000000705600000, 0x0000000705400000| Untracked 
|  11|0x0000000705600000, 0x0000000705800000, 0x0000000705800000|100%| O|  |TAMS 0x0000000705647400, 0x0000000705600000| Untracked 
|  12|0x0000000705800000, 0x0000000705a00000, 0x0000000705a00000|100%| O|  |TAMS 0x0000000705800000, 0x0000000705800000| Untracked 
|  13|0x0000000705a00000, 0x0000000705c00000, 0x0000000705c00000|100%| O|  |TAMS 0x0000000705a00000, 0x0000000705a00000| Untracked 
|  14|0x0000000705c00000, 0x0000000705d7d800, 0x0000000705e00000| 74%| O|  |TAMS 0x0000000705c00000, 0x0000000705c00000| Untracked 
|  15|0x0000000705e00000, 0x0000000705e00000, 0x0000000706000000|  0%| F|  |TAMS 0x0000000705e00000, 0x0000000705e00000| Untracked 
|  16|0x0000000706000000, 0x0000000706000000, 0x0000000706200000|  0%| F|  |TAMS 0x0000000706000000, 0x0000000706000000| Untracked 
|  17|0x0000000706200000, 0x0000000706200000, 0x0000000706400000|  0%| F|  |TAMS 0x0000000706200000, 0x0000000706200000| Untracked 
|  18|0x0000000706400000, 0x0000000706400000, 0x0000000706600000|  0%| F|  |TAMS 0x0000000706400000, 0x0000000706400000| Untracked 
|  19|0x0000000706600000, 0x0000000706600000, 0x0000000706800000|  0%| F|  |TAMS 0x0000000706600000, 0x0000000706600000| Untracked 
|  20|0x0000000706800000, 0x0000000706800000, 0x0000000706a00000|  0%| F|  |TAMS 0x0000000706800000, 0x0000000706800000| Untracked 
|  21|0x0000000706a00000, 0x0000000706a00000, 0x0000000706c00000|  0%| F|  |TAMS 0x0000000706a00000, 0x0000000706a00000| Untracked 
|  22|0x0000000706c00000, 0x0000000706c00000, 0x0000000706e00000|  0%| F|  |TAMS 0x0000000706c00000, 0x0000000706c00000| Untracked 
|  23|0x0000000706e00000, 0x0000000707000000, 0x0000000707000000|100%| S|CS|TAMS 0x0000000706e00000, 0x0000000706e00000| Complete 
|  24|0x0000000707000000, 0x0000000707000000, 0x0000000707200000|  0%| F|  |TAMS 0x0000000707000000, 0x0000000707000000| Untracked 
|  25|0x0000000707200000, 0x0000000707200000, 0x0000000707400000|  0%| F|  |TAMS 0x0000000707200000, 0x0000000707200000| Untracked 
|  26|0x0000000707400000, 0x0000000707400000, 0x0000000707600000|  0%| F|  |TAMS 0x0000000707400000, 0x0000000707400000| Untracked 
|  27|0x0000000707600000, 0x0000000707600000, 0x0000000707800000|  0%| F|  |TAMS 0x0000000707600000, 0x0000000707600000| Untracked 
|  28|0x0000000707800000, 0x0000000707800000, 0x0000000707a00000|  0%| F|  |TAMS 0x0000000707800000, 0x0000000707800000| Untracked 
|  29|0x0000000707a00000, 0x0000000707b2dfa0, 0x0000000707c00000| 58%| E|  |TAMS 0x0000000707a00000, 0x0000000707a00000| Complete 
|  30|0x0000000707c00000, 0x0000000707e00000, 0x0000000707e00000|100%| E|CS|TAMS 0x0000000707c00000, 0x0000000707c00000| Complete 
|  31|0x0000000707e00000, 0x0000000708000000, 0x0000000708000000|100%| E|CS|TAMS 0x0000000707e00000, 0x0000000707e00000| Complete 
|  32|0x0000000708000000, 0x0000000708200000, 0x0000000708200000|100%| E|CS|TAMS 0x0000000708000000, 0x0000000708000000| Complete 
|  33|0x0000000708200000, 0x0000000708400000, 0x0000000708400000|100%| E|CS|TAMS 0x0000000708200000, 0x0000000708200000| Complete 
|  34|0x0000000708400000, 0x0000000708600000, 0x0000000708600000|100%| E|CS|TAMS 0x0000000708400000, 0x0000000708400000| Complete 
|  35|0x0000000708600000, 0x0000000708800000, 0x0000000708800000|100%| E|CS|TAMS 0x0000000708600000, 0x0000000708600000| Complete 
|  36|0x0000000708800000, 0x0000000708a00000, 0x0000000708a00000|100%| E|CS|TAMS 0x0000000708800000, 0x0000000708800000| Complete 
|  40|0x0000000709000000, 0x0000000709200000, 0x0000000709200000|100%| E|CS|TAMS 0x0000000709000000, 0x0000000709000000| Complete 
|  41|0x0000000709200000, 0x0000000709400000, 0x0000000709400000|100%| E|CS|TAMS 0x0000000709200000, 0x0000000709200000| Complete 
|  42|0x0000000709400000, 0x0000000709600000, 0x0000000709600000|100%| E|CS|TAMS 0x0000000709400000, 0x0000000709400000| Complete 
| 125|0x0000000713a00000, 0x0000000713c00000, 0x0000000713c00000|100%| E|CS|TAMS 0x0000000713a00000, 0x0000000713a00000| Complete 

Card table byte_map: [0x0000016b5bf80000,0x0000016b5c760000] _byte_map_base: 0x0000016b58760000

Marking Bits (Prev, Next): (CMBitMap*) 0x0000016b55045b40, (CMBitMap*) 0x0000016b55045b00
 Prev Bits: [0x0000016b60e40000, 0x0000016b64d40000)
 Next Bits: [0x0000016b5cf40000, 0x0000016b60e40000)

Polling page: 0x0000016b52f10000

Metaspace:

Usage:
  Non-class:     62.28 MB used.
      Class:     10.00 MB used.
       Both:     72.28 MB used.

Virtual space:
  Non-class space:       64.00 MB reserved,      62.62 MB ( 98%) committed,  1 nodes.
      Class space:        1.00 GB reserved,      10.25 MB (  1%) committed,  1 nodes.
             Both:        1.06 GB reserved,      72.88 MB (  7%) committed. 

Chunk freelists:
   Non-Class:  1.11 MB
       Class:  5.69 MB
        Both:  6.80 MB

MaxMetaspaceSize: unlimited
CompressedClassSpaceSize: 1.00 GB
Initial GC threshold: 21.00 MB
Current GC threshold: 98.69 MB
CDS: off
MetaspaceReclaimPolicy: balanced
 - commit_granule_bytes: 65536.
 - commit_granule_words: 8192.
 - virtual_space_node_default_size: 8388608.
 - enlarge_chunks_in_place: 1.
 - new_chunks_are_fully_committed: 0.
 - uncommit_free_chunks: 1.
 - use_allocation_guard: 0.
 - handle_deallocations: 1.


Internal statistics:

num_allocs_failed_limit: 9.
num_arena_births: 874.
num_arena_deaths: 0.
num_vsnodes_births: 2.
num_vsnodes_deaths: 0.
num_space_committed: 1166.
num_space_uncommitted: 0.
num_chunks_returned_to_freelist: 9.
num_chunks_taken_from_freelist: 3288.
num_chunk_merges: 6.
num_chunk_splits: 2374.
num_chunks_enlarged: 1820.
num_inconsistent_stats: 0.

CodeCache: size=49152Kb used=11637Kb max_used=11789Kb free=37515Kb
 bounds [0x0000016b58690000, 0x0000016b59220000, 0x0000016b5b690000]
 total_blobs=7362 nmethods=6708 adapters=581
 compilation: enabled
              stopped_count=0, restarted_count=0
 full_count=0

Compilation events (20 events):
Event: 12782.082 Thread 0x0000016b6786f720 6699       1       java.lang.Long::equals (30 bytes)
Event: 12782.082 Thread 0x0000016b6786f720 nmethod 6699 0x0000016b591bc890 code [0x0000016b591bca20, 0x0000016b591bcbb8]
Event: 12842.090 Thread 0x0000016b6786f720 6700       1       sun.rmi.server.MarshalInputStream::skipDefaultResolveClass (6 bytes)
Event: 12842.091 Thread 0x0000016b6786f720 nmethod 6700 0x0000016b591bc590 code [0x0000016b591bc720, 0x0000016b591bc7f8]
Event: 13099.606 Thread 0x0000016b6786f720 6701       1       java.lang.invoke.Invokers$Holder::linkToTargetMethod (10 bytes)
Event: 13099.606 Thread 0x0000016b6786f720 nmethod 6701 0x0000016b591bc210 code [0x0000016b591bc3c0, 0x0000016b591bc4d8]
Event: 13099.607 Thread 0x0000016b6786f720 6702       1       java.lang.String::valueOf (39 bytes)
Event: 13099.607 Thread 0x0000016b6786f720 nmethod 6702 0x0000016b591bbb90 code [0x0000016b591bbd40, 0x0000016b591bc118]
Event: 13099.607 Thread 0x0000016b6786f720 6703       1       java.lang.StringLatin1::toBytes (9 bytes)
Event: 13099.607 Thread 0x0000016b6786f720 nmethod 6703 0x0000016b591bb810 code [0x0000016b591bb9a0, 0x0000016b591bbaf8]
Event: 13099.615 Thread 0x0000016b6786f720 6704   !   1       sun.rmi.server.LoaderHandler::loadClass (123 bytes)
Event: 13099.616 Thread 0x0000016b6786f720 nmethod 6704 0x0000016b591ba610 code [0x0000016b591ba8a0, 0x0000016b591bb138]
Event: 13099.616 Thread 0x0000016b6786f720 6705  s    1       sun.rmi.server.LoaderHandler::getDefaultCodebaseURLs (35 bytes)
Event: 13099.616 Thread 0x0000016b6786f720 nmethod 6705 0x0000016b591ba010 code [0x0000016b591ba1c0, 0x0000016b591ba508]
Event: 13099.616 Thread 0x0000016b6786f720 6706       1       java.io.ObjectStreamClass::initNonProxy (628 bytes)
Event: 13099.618 Thread 0x0000016b6786f720 nmethod 6706 0x0000016b591b7d90 code [0x0000016b591b8140, 0x0000016b591b9858]
Event: 13099.618 Thread 0x0000016b6786f720 6707       1       java.io.ObjectStreamClass::classNamesEqual (59 bytes)
Event: 13099.618 Thread 0x0000016b6786f720 nmethod 6707 0x0000016b591b7690 code [0x0000016b591b7860, 0x0000016b591b7ae8]
Event: 13099.622 Thread 0x0000016b6786f720 6708       1       org.springframework.boot.ansi.AnsiStyle::toString (5 bytes)
Event: 13099.622 Thread 0x0000016b6786f720 nmethod 6708 0x0000016b591b7390 code [0x0000016b591b7520, 0x0000016b591b75f8]

GC Heap History (20 events):
Event: 2683.356 GC heap before
{Heap before GC invocations=18 (full 0):
 garbage-first heap   total 83968K, used 64681K [0x0000000704000000, 0x0000000800000000)
  region size 2048K, 18 young (36864K), 1 survivors (2048K)
 Metaspace       used 72489K, committed 73024K, reserved 1114112K
  class space    used 10002K, committed 10240K, reserved 1048576K
}
Event: 2683.359 GC heap after
{Heap after GC invocations=19 (full 0):
 garbage-first heap   total 83968K, used 30238K [0x0000000704000000, 0x0000000800000000)
  region size 2048K, 1 young (2048K), 1 survivors (2048K)
 Metaspace       used 72489K, committed 73024K, reserved 1114112K
  class space    used 10002K, committed 10240K, reserved 1048576K
}
Event: 3779.119 GC heap before
{Heap before GC invocations=19 (full 0):
 garbage-first heap   total 83968K, used 65054K [0x0000000704000000, 0x0000000800000000)
  region size 2048K, 18 young (36864K), 1 survivors (2048K)
 Metaspace       used 72489K, committed 73024K, reserved 1114112K
  class space    used 10002K, committed 10240K, reserved 1048576K
}
Event: 3779.123 GC heap after
{Heap after GC invocations=20 (full 0):
 garbage-first heap   total 83968K, used 30382K [0x0000000704000000, 0x0000000800000000)
  region size 2048K, 1 young (2048K), 1 survivors (2048K)
 Metaspace       used 72489K, committed 73024K, reserved 1114112K
  class space    used 10002K, committed 10240K, reserved 1048576K
}
Event: 4920.828 GC heap before
{Heap before GC invocations=20 (full 0):
 garbage-first heap   total 83968K, used 65198K [0x0000000704000000, 0x0000000800000000)
  region size 2048K, 18 young (36864K), 1 survivors (2048K)
 Metaspace       used 72490K, committed 73024K, reserved 1114112K
  class space    used 10002K, committed 10240K, reserved 1048576K
}
Event: 4920.833 GC heap after
{Heap after GC invocations=21 (full 0):
 garbage-first heap   total 83968K, used 30187K [0x0000000704000000, 0x0000000800000000)
  region size 2048K, 1 young (2048K), 1 survivors (2048K)
 Metaspace       used 72490K, committed 73024K, reserved 1114112K
  class space    used 10002K, committed 10240K, reserved 1048576K
}
Event: 6003.255 GC heap before
{Heap before GC invocations=21 (full 0):
 garbage-first heap   total 83968K, used 67051K [0x0000000704000000, 0x0000000800000000)
  region size 2048K, 19 young (38912K), 1 survivors (2048K)
 Metaspace       used 72655K, committed 73280K, reserved 1114112K
  class space    used 10030K, committed 10304K, reserved 1048576K
}
Event: 6003.258 GC heap after
{Heap after GC invocations=22 (full 0):
 garbage-first heap   total 83968K, used 30621K [0x0000000704000000, 0x0000000800000000)
  region size 2048K, 1 young (2048K), 1 survivors (2048K)
 Metaspace       used 72655K, committed 73280K, reserved 1114112K
  class space    used 10030K, committed 10304K, reserved 1048576K
}
Event: 6827.909 GC heap before
{Heap before GC invocations=22 (full 0):
 garbage-first heap   total 83968K, used 67485K [0x0000000704000000, 0x0000000800000000)
  region size 2048K, 19 young (38912K), 1 survivors (2048K)
 Metaspace       used 73997K, committed 74560K, reserved 1114112K
  class space    used 10232K, committed 10496K, reserved 1048576K
}
Event: 6827.913 GC heap after
{Heap after GC invocations=23 (full 0):
 garbage-first heap   total 83968K, used 30891K [0x0000000704000000, 0x0000000800000000)
  region size 2048K, 2 young (4096K), 2 survivors (4096K)
 Metaspace       used 73997K, committed 74560K, reserved 1114112K
  class space    used 10232K, committed 10496K, reserved 1048576K
}
Event: 7914.122 GC heap before
{Heap before GC invocations=23 (full 0):
 garbage-first heap   total 83968K, used 65707K [0x0000000704000000, 0x0000000800000000)
  region size 2048K, 19 young (38912K), 2 survivors (4096K)
 Metaspace       used 73997K, committed 74560K, reserved 1114112K
  class space    used 10232K, committed 10496K, reserved 1048576K
}
Event: 7914.127 GC heap after
{Heap after GC invocations=24 (full 0):
 garbage-first heap   total 83968K, used 30877K [0x0000000704000000, 0x0000000800000000)
  region size 2048K, 2 young (4096K), 2 survivors (4096K)
 Metaspace       used 73997K, committed 74560K, reserved 1114112K
  class space    used 10232K, committed 10496K, reserved 1048576K
}
Event: 9007.127 GC heap before
{Heap before GC invocations=24 (full 0):
 garbage-first heap   total 83968K, used 65693K [0x0000000704000000, 0x0000000800000000)
  region size 2048K, 19 young (38912K), 2 survivors (4096K)
 Metaspace       used 73997K, committed 74560K, reserved 1114112K
  class space    used 10232K, committed 10496K, reserved 1048576K
}
Event: 9007.130 GC heap after
{Heap after GC invocations=25 (full 0):
 garbage-first heap   total 83968K, used 30879K [0x0000000704000000, 0x0000000800000000)
  region size 2048K, 2 young (4096K), 2 survivors (4096K)
 Metaspace       used 73997K, committed 74560K, reserved 1114112K
  class space    used 10232K, committed 10496K, reserved 1048576K
}
Event: 10149.120 GC heap before
{Heap before GC invocations=25 (full 0):
 garbage-first heap   total 83968K, used 65695K [0x0000000704000000, 0x0000000800000000)
  region size 2048K, 19 young (38912K), 2 survivors (4096K)
 Metaspace       used 73997K, committed 74560K, reserved 1114112K
  class space    used 10232K, committed 10496K, reserved 1048576K
}
Event: 10149.125 GC heap after
{Heap after GC invocations=26 (full 0):
 garbage-first heap   total 83968K, used 30707K [0x0000000704000000, 0x0000000800000000)
  region size 2048K, 1 young (2048K), 1 survivors (2048K)
 Metaspace       used 73997K, committed 74560K, reserved 1114112K
  class space    used 10232K, committed 10496K, reserved 1048576K
}
Event: 11281.868 GC heap before
{Heap before GC invocations=26 (full 0):
 garbage-first heap   total 83968K, used 65523K [0x0000000704000000, 0x0000000800000000)
  region size 2048K, 19 young (38912K), 1 survivors (2048K)
 Metaspace       used 73997K, committed 74560K, reserved 1114112K
  class space    used 10232K, committed 10496K, reserved 1048576K
}
Event: 11281.874 GC heap after
{Heap after GC invocations=27 (full 0):
 garbage-first heap   total 83968K, used 30860K [0x0000000704000000, 0x0000000800000000)
  region size 2048K, 2 young (4096K), 2 survivors (4096K)
 Metaspace       used 73997K, committed 74560K, reserved 1114112K
  class space    used 10232K, committed 10496K, reserved 1048576K
}
Event: 12400.663 GC heap before
{Heap before GC invocations=27 (full 0):
 garbage-first heap   total 83968K, used 65676K [0x0000000704000000, 0x0000000800000000)
  region size 2048K, 19 young (38912K), 2 survivors (4096K)
 Metaspace       used 73997K, committed 74560K, reserved 1114112K
  class space    used 10232K, committed 10496K, reserved 1048576K
}
Event: 12400.668 GC heap after
{Heap after GC invocations=28 (full 0):
 garbage-first heap   total 83968K, used 30707K [0x0000000704000000, 0x0000000800000000)
  region size 2048K, 1 young (2048K), 1 survivors (2048K)
 Metaspace       used 73997K, committed 74560K, reserved 1114112K
  class space    used 10232K, committed 10496K, reserved 1048576K
}

Dll operation events (9 events):
Event: 0.004 Loaded shared library C:\sts-4.18.1\plugins\org.eclipse.justj.openjdk.hotspot.jre.full.win32.x86_64_17.0.7.v20230425-1502\jre\bin\java.dll
Event: 0.111 Loaded shared library C:\sts-4.18.1\plugins\org.eclipse.justj.openjdk.hotspot.jre.full.win32.x86_64_17.0.7.v20230425-1502\jre\bin\jimage.dll
Event: 0.120 Loaded shared library C:\sts-4.18.1\plugins\org.eclipse.justj.openjdk.hotspot.jre.full.win32.x86_64_17.0.7.v20230425-1502\jre\bin\net.dll
Event: 0.121 Loaded shared library C:\sts-4.18.1\plugins\org.eclipse.justj.openjdk.hotspot.jre.full.win32.x86_64_17.0.7.v20230425-1502\jre\bin\nio.dll
Event: 0.126 Loaded shared library C:\sts-4.18.1\plugins\org.eclipse.justj.openjdk.hotspot.jre.full.win32.x86_64_17.0.7.v20230425-1502\jre\bin\zip.dll
Event: 0.163 Loaded shared library C:\sts-4.18.1\plugins\org.eclipse.justj.openjdk.hotspot.jre.full.win32.x86_64_17.0.7.v20230425-1502\jre\bin\management.dll
Event: 0.172 Loaded shared library C:\sts-4.18.1\plugins\org.eclipse.justj.openjdk.hotspot.jre.full.win32.x86_64_17.0.7.v20230425-1502\jre\bin\management_ext.dll
Event: 1.514 Loaded shared library C:\sts-4.18.1\plugins\org.eclipse.justj.openjdk.hotspot.jre.full.win32.x86_64_17.0.7.v20230425-1502\jre\bin\sunmscapi.dll
Event: 1.816 Loaded shared library C:\sts-4.18.1\plugins\org.eclipse.justj.openjdk.hotspot.jre.full.win32.x86_64_17.0.7.v20230425-1502\jre\bin\verify.dll

Deoptimization events (16 events):
Event: 0.736 Thread 0x0000016b6cb663c0 DEOPT PACKING pc=0x0000016b58c41c79 sp=0x0000006b397fccd0
Event: 0.736 Thread 0x0000016b6cb663c0 DEOPT UNPACKING pc=0x0000016b586eace3 sp=0x0000006b397fc1b0 mode 3
Event: 1.613 Thread 0x0000016b6cb663c0 DEOPT PACKING pc=0x0000016b58ed2da5 sp=0x0000006b397fbe40
Event: 1.613 Thread 0x0000016b6cb663c0 DEOPT UNPACKING pc=0x0000016b586eace3 sp=0x0000006b397fb3a8 mode 3
Event: 2.694 Thread 0x0000016b6cb663c0 DEOPT PACKING pc=0x0000016b58c5f3d4 sp=0x0000006b397fbf40
Event: 2.694 Thread 0x0000016b6cb663c0 DEOPT UNPACKING pc=0x0000016b586eace3 sp=0x0000006b397fb498 mode 0
Event: 2.783 Thread 0x0000016b6cb663c0 DEOPT PACKING pc=0x0000016b590a92f9 sp=0x0000006b397fc840
Event: 2.783 Thread 0x0000016b6cb663c0 DEOPT UNPACKING pc=0x0000016b586eace3 sp=0x0000006b397fbd20 mode 3
Event: 3.011 Thread 0x0000016b6cb663c0 DEOPT PACKING pc=0x0000016b58cacd52 sp=0x0000006b397fd690
Event: 3.011 Thread 0x0000016b6cb663c0 DEOPT UNPACKING pc=0x0000016b586eace3 sp=0x0000006b397fcb98 mode 3
Event: 3.011 Thread 0x0000016b6cb663c0 DEOPT PACKING pc=0x0000016b58c92855 sp=0x0000006b397fd650
Event: 3.011 Thread 0x0000016b6cb663c0 DEOPT UNPACKING pc=0x0000016b586eace3 sp=0x0000006b397fcb98 mode 3
Event: 77.454 Thread 0x0000016b6d5e5a30 DEOPT PACKING pc=0x0000016b5892cddc sp=0x0000006b3a5fc510
Event: 77.454 Thread 0x0000016b6d5e5a30 DEOPT UNPACKING pc=0x0000016b586eace3 sp=0x0000006b3a5fb9d0 mode 0
Event: 6789.794 Thread 0x0000016b6d5e2540 DEOPT PACKING pc=0x0000016b5886a31b sp=0x0000006b3a9fcbf0
Event: 6789.794 Thread 0x0000016b6d5e2540 DEOPT UNPACKING pc=0x0000016b586eace3 sp=0x0000006b3a9fc0f8 mode 3

Classes unloaded (0 events):
No events

Classes redefined (0 events):
No events

Internal exceptions (20 events):
Event: 2.828 Thread 0x0000016b6cb663c0 Exception <a 'java/lang/NoSuchMethodError'{0x0000000713bc69f0}: 'java.lang.Object java.lang.invoke.DirectMethodHandle$Holder.newInvokeSpecial(java.lang.Object, java.lang.Object, int)'> (0x0000000713bc69f0) 
thrown [s\src\hotspot\share\interpreter\linkResolver.cpp, line 759]
Event: 2.830 Thread 0x0000016b6cb663c0 Exception <a 'java/lang/NoSuchMethodError'{0x0000000713bec278}: 'java.lang.Object java.lang.invoke.Invokers$Holder.invoke_MT(java.lang.Object, java.lang.Object, java.lang.Object, java.lang.Object, java.lang.Object, java.lang.Object, java.lang.Object, java.lang.Object, java.lang.Object)'> (0x0000000713bec278) 
thrown [s\src\hotspot\share\interpreter\linkResolver.cpp, line 759]
Event: 2.833 Thread 0x0000016b6cb663c0 Exception <a 'java/lang/IncompatibleClassChangeError'{0x0000000709414c68}: Found class java.lang.Object, but interface was expected> (0x0000000709414c68) 
thrown [s\src\hotspot\share\interpreter\linkResolver.cpp, line 826]
Event: 2.833 Thread 0x0000016b6cb663c0 Exception <a 'java/lang/IncompatibleClassChangeError'{0x000000070941b4f8}: Found class java.lang.Object, but interface was expected> (0x000000070941b4f8) 
thrown [s\src\hotspot\share\interpreter\linkResolver.cpp, line 826]
Event: 2.871 Thread 0x0000016b6cb663c0 Exception <a 'java/lang/NoSuchMethodError'{0x00000007093103e0}: 'java.lang.Object java.lang.invoke.DirectMethodHandle$Holder.invokeInterface(java.lang.Object, java.lang.Object, java.lang.Object, java.lang.Object)'> (0x00000007093103e0) 
thrown [s\src\hotspot\share\interpreter\linkResolver.cpp, line 759]
Event: 2.952 Thread 0x0000016b6cb663c0 Exception <a 'java/lang/NoSuchMethodError'{0x00000007085b2568}: 'void java.lang.invoke.DirectMethodHandle$Holder.invokeVirtual(java.lang.Object, java.lang.Object, long)'> (0x00000007085b2568) 
thrown [s\src\hotspot\share\interpreter\linkResolver.cpp, line 759]
Event: 3.018 Thread 0x0000016b6cb663c0 Exception <a 'java/lang/IncompatibleClassChangeError'{0x0000000707d0a9d8}: Found class java.lang.Object, but interface was expected> (0x0000000707d0a9d8) 
thrown [s\src\hotspot\share\interpreter\linkResolver.cpp, line 826]
Event: 3.034 Thread 0x0000016b6cb663c0 Exception <a 'java/lang/NoSuchMethodError'{0x0000000707aa0138}: 'int java.lang.invoke.DirectMethodHandle$Holder.invokeStaticInit(java.lang.Object, java.lang.Object, java.lang.Object, java.lang.Object)'> (0x0000000707aa0138) 
thrown [s\src\hotspot\share\interpreter\linkResolver.cpp, line 759]
Event: 3.100 Thread 0x0000016b6cb663c0 Exception <a 'java/lang/NoSuchMethodError'{0x0000000707566838}: 'java.lang.Object java.lang.invoke.DirectMethodHandle$Holder.newInvokeSpecial(java.lang.Object, java.lang.Object, int, java.lang.Object, java.lang.Object)'> (0x0000000707566838) 
thrown [s\src\hotspot\share\interpreter\linkResolver.cpp, line 759]
Event: 3.100 Thread 0x0000016b6cb663c0 Exception <a 'java/lang/NoSuchMethodError'{0x0000000707571eb0}: 'java.lang.Object java.lang.invoke.DirectMethodHandle$Holder.invokeSpecial(java.lang.Object, java.lang.Object, int, java.lang.Object, int, java.lang.Object)'> (0x0000000707571eb0) 
thrown [s\src\hotspot\share\interpreter\linkResolver.cpp, line 759]
Event: 3.101 Thread 0x0000016b6cb663c0 Exception <a 'java/lang/NoSuchMethodError'{0x0000000707579fe0}: 'java.lang.Object java.lang.invoke.DirectMethodHandle$Holder.newInvokeSpecial(java.lang.Object, java.lang.Object, int, java.lang.Object, int)'> (0x0000000707579fe0) 
thrown [s\src\hotspot\share\interpreter\linkResolver.cpp, line 759]
Event: 3.101 Thread 0x0000016b6cb663c0 Exception <a 'java/lang/NoSuchMethodError'{0x000000070757e0e0}: 'java.lang.Object java.lang.invoke.DirectMethodHandle$Holder.invokeSpecial(java.lang.Object, java.lang.Object, java.lang.Object, int, java.lang.Object, int)'> (0x000000070757e0e0) 
thrown [s\src\hotspot\share\interpreter\linkResolver.cpp, line 759]
Event: 77.242 Thread 0x0000016b6d5e5a30 Exception <a 'java/lang/NoSuchMethodError'{0x000000070932aa30}: 'java.lang.Object java.lang.invoke.DirectMethodHandle$Holder.invokeSpecial(java.lang.Object, java.lang.Object, java.lang.Object, java.lang.Object, java.lang.Object, long)'> (0x000000070932aa30) 
thrown [s\src\hotspot\share\interpreter\linkResolver.cpp, line 759]
Event: 77.242 Thread 0x0000016b6d5e5a30 Exception <a 'java/lang/NoSuchMethodError'{0x000000070932e470}: 'java.lang.Object java.lang.invoke.Invokers$Holder.linkToTargetMethod(java.lang.Object, java.lang.Object, java.lang.Object, long, java.lang.Object)'> (0x000000070932e470) 
thrown [s\src\hotspot\share\interpreter\linkResolver.cpp, line 759]
Event: 77.368 Thread 0x0000016b6d5e5a30 Exception <a 'java/lang/IncompatibleClassChangeError'{0x000000070823f9e0}: Found class java.lang.Object, but interface was expected> (0x000000070823f9e0) 
thrown [s\src\hotspot\share\interpreter\linkResolver.cpp, line 826]
Event: 77.401 Thread 0x0000016b6d5e5a30 Exception <a 'java/lang/NoSuchMethodError'{0x00000007083b3d48}: 'java.lang.Object java.lang.invoke.DirectMethodHandle$Holder.newInvokeSpecial(java.lang.Object, long)'> (0x00000007083b3d48) 
thrown [s\src\hotspot\share\interpreter\linkResolver.cpp, line 759]
Event: 6098.286 Thread 0x0000016b6d5e2540 Exception <a 'java/lang/NoSuchMethodError'{0x000000070911a9c0}: 'void java.lang.invoke.DirectMethodHandle$Holder.invokeSpecial(java.lang.Object, java.lang.Object, java.lang.Object, java.lang.Object, java.lang.Object, java.lang.Object, java.lang.Object, java.lang.Object, java.lang.Object)'> (0x000000070911a9c0) 
thrown [s\src\hotspot\share\interpreter\linkResolver.cpp, line 759]
Event: 6098.288 Thread 0x0000016b6d5e2540 Exception <a 'java/lang/NoSuchMethodError'{0x000000070913c928}: 'int java.lang.invoke.DirectMethodHandle$Holder.invokeStatic(java.lang.Object, java.lang.Object, int, int)'> (0x000000070913c928) 
thrown [s\src\hotspot\share\interpreter\linkResolver.cpp, line 759]
Event: 6118.125 Thread 0x0000016b6e56b590 Exception <a 'java/lang/NoSuchMethodError'{0x00000007088d6e58}: 'void java.lang.invoke.DirectMethodHandle$Holder.invokeSpecialIFC(java.lang.Object, java.lang.Object, int, java.lang.Object, java.lang.Object, java.lang.Object, java.lang.Object)'> (0x00000007088d6e58) 
thrown [s\src\hotspot\share\interpreter\linkResolver.cpp, line 759]
Event: 13099.658 Thread 0x0000016b6e567230 Exception <a 'java/lang/Error'{0x0000000707b25fa8}: IP Helper Library GetIpAddrTable function failed> (0x0000000707b25fa8) 
thrown [s\src\hotspot\share\prims\jni.cpp, line 535]

VM Operations (20 events):
Event: 10149.119 Executing VM operation: G1CollectForAllocation
Event: 10149.125 Executing VM operation: G1CollectForAllocation done
Event: 10747.442 Executing VM operation: Cleanup
Event: 10747.442 Executing VM operation: Cleanup done
Event: 10801.926 Executing VM operation: Cleanup
Event: 10801.926 Executing VM operation: Cleanup done
Event: 11281.868 Executing VM operation: G1CollectForAllocation
Event: 11281.874 Executing VM operation: G1CollectForAllocation done
Event: 12003.337 Executing VM operation: Cleanup
Event: 12003.337 Executing VM operation: Cleanup done
Event: 12392.466 Executing VM operation: Cleanup
Event: 12392.466 Executing VM operation: Cleanup done
Event: 12400.662 Executing VM operation: G1CollectForAllocation
Event: 12400.668 Executing VM operation: G1CollectForAllocation done
Event: 12505.668 Executing VM operation: Cleanup
Event: 12505.668 Executing VM operation: Cleanup done
Event: 12603.457 Executing VM operation: Cleanup
Event: 12603.457 Executing VM operation: Cleanup done
Event: 12782.945 Executing VM operation: Cleanup
Event: 12782.945 Executing VM operation: Cleanup done

Events (20 events):
Event: 12452.391 Thread 0x0000016b6e567bd0 Thread added: 0x0000016b6e567bd0
Event: 12452.392 Thread 0x0000016b6e5698b0 Thread added: 0x0000016b6e5698b0
Event: 12457.400 Thread 0x0000016b6e567bd0 Thread exited: 0x0000016b6e567bd0
Event: 12457.431 Thread 0x0000016b6e5698b0 Thread exited: 0x0000016b6e5698b0
Event: 12474.603 Thread 0x0000016b6e567bd0 Thread added: 0x0000016b6e567bd0
Event: 12474.603 Thread 0x0000016b6e56a250 Thread added: 0x0000016b6e56a250
Event: 12479.613 Thread 0x0000016b6e567bd0 Thread exited: 0x0000016b6e567bd0
Event: 12479.629 Thread 0x0000016b6e56a250 Thread exited: 0x0000016b6e56a250
Event: 12482.489 Thread 0x0000016b6e56abf0 Thread added: 0x0000016b6e56abf0
Event: 12482.489 Thread 0x0000016b6e565080 Thread added: 0x0000016b6e565080
Event: 12487.505 Thread 0x0000016b6e56abf0 Thread exited: 0x0000016b6e56abf0
Event: 12487.519 Thread 0x0000016b6e565080 Thread exited: 0x0000016b6e565080
Event: 12504.733 Thread 0x0000016b6e565a20 Thread added: 0x0000016b6e565a20
Event: 12504.733 Thread 0x0000016b6e5698b0 Thread added: 0x0000016b6e5698b0
Event: 12510.151 Thread 0x0000016b6e565a20 Thread exited: 0x0000016b6e565a20
Event: 12510.166 Thread 0x0000016b6e5698b0 Thread exited: 0x0000016b6e5698b0
Event: 13099.606 Thread 0x0000016b6e567230 Thread added: 0x0000016b6e567230
Event: 13099.609 Thread 0x0000016b6e569d80 Thread added: 0x0000016b6e569d80
Event: 13099.643 loading class java/util/Collections$ReverseComparator
Event: 13099.646 loading class java/util/Collections$ReverseComparator done


Dynamic libraries:
0x00007ff6d27d0000 - 0x00007ff6d27de000 	C:\sts-4.18.1\plugins\org.eclipse.justj.openjdk.hotspot.jre.full.win32.x86_64_17.0.7.v20230425-1502\jre\bin\javaw.exe
0x00007ffa51350000 - 0x00007ffa51548000 	C:\Windows\SYSTEM32\ntdll.dll
0x00007ffa50b40000 - 0x00007ffa50bff000 	C:\Windows\System32\KERNEL32.DLL
0x00007ffa4ed40000 - 0x00007ffa4f012000 	C:\Windows\System32\KERNELBASE.dll
0x00007ffa4f1c0000 - 0x00007ffa4f2c0000 	C:\Windows\System32\ucrtbase.dll
0x00007ffa15b70000 - 0x00007ffa15b87000 	C:\sts-4.18.1\plugins\org.eclipse.justj.openjdk.hotspot.jre.full.win32.x86_64_17.0.7.v20230425-1502\jre\bin\jli.dll
0x00007ffa16580000 - 0x00007ffa16599000 	C:\sts-4.18.1\plugins\org.eclipse.justj.openjdk.hotspot.jre.full.win32.x86_64_17.0.7.v20230425-1502\jre\bin\VCRUNTIME140.dll
0x00007ffa51130000 - 0x00007ffa512d1000 	C:\Windows\System32\USER32.dll
0x00007ffa4ec60000 - 0x00007ffa4ec82000 	C:\Windows\System32\win32u.dll
0x00007ffa354b0000 - 0x00007ffa3574a000 	C:\Windows\WinSxS\amd64_microsoft.windows.common-controls_6595b64144ccf1df_6.0.19041.1110_none_60b5254171f9507e\COMCTL32.dll
0x00007ffa4f660000 - 0x00007ffa4f68b000 	C:\Windows\System32\GDI32.dll
0x00007ffa51010000 - 0x00007ffa510ae000 	C:\Windows\System32\msvcrt.dll
0x00007ffa4f020000 - 0x00007ffa4f12f000 	C:\Windows\System32\gdi32full.dll
0x00007ffa4f2c0000 - 0x00007ffa4f35d000 	C:\Windows\System32\msvcp_win.dll
0x00007ffa50b00000 - 0x00007ffa50b32000 	C:\Windows\System32\IMM32.DLL
0x00007ffa2b110000 - 0x00007ffa2b11c000 	C:\sts-4.18.1\plugins\org.eclipse.justj.openjdk.hotspot.jre.full.win32.x86_64_17.0.7.v20230425-1502\jre\bin\vcruntime140_1.dll
0x00007ffa12c00000 - 0x00007ffa12c91000 	C:\sts-4.18.1\plugins\org.eclipse.justj.openjdk.hotspot.jre.full.win32.x86_64_17.0.7.v20230425-1502\jre\bin\msvcp140.dll
0x00007ff9d01b0000 - 0x00007ff9d0df8000 	C:\sts-4.18.1\plugins\org.eclipse.justj.openjdk.hotspot.jre.full.win32.x86_64_17.0.7.v20230425-1502\jre\bin\server\jvm.dll
0x00007ffa4ffc0000 - 0x00007ffa5006e000 	C:\Windows\System32\ADVAPI32.dll
0x00007ffa4f7a0000 - 0x00007ffa4f83c000 	C:\Windows\System32\sechost.dll
0x00007ffa50c70000 - 0x00007ffa50d95000 	C:\Windows\System32\RPCRT4.dll
0x00007ffa2cbd0000 - 0x00007ffa2cbd9000 	C:\Windows\SYSTEM32\WSOCK32.dll
0x00007ffa50c00000 - 0x00007ffa50c6b000 	C:\Windows\System32\WS2_32.dll
0x00007ffa37c30000 - 0x00007ffa37c57000 	C:\Windows\SYSTEM32\WINMM.dll
0x00007ffa43d20000 - 0x00007ffa43d2a000 	C:\Windows\SYSTEM32\VERSION.dll
0x00007ffa4d100000 - 0x00007ffa4d112000 	C:\Windows\SYSTEM32\kernel.appcore.dll
0x00007ffa4a130000 - 0x00007ffa4a13a000 	C:\sts-4.18.1\plugins\org.eclipse.justj.openjdk.hotspot.jre.full.win32.x86_64_17.0.7.v20230425-1502\jre\bin\jimage.dll
0x00007ffa4c4f0000 - 0x00007ffa4c6d4000 	C:\Windows\SYSTEM32\DBGHELP.DLL
0x00007ffa2a0e0000 - 0x00007ffa2a115000 	C:\Windows\SYSTEM32\dbgcore.DLL
0x00007ffa4f130000 - 0x00007ffa4f1b2000 	C:\Windows\System32\bcryptPrimitives.dll
0x00007ffa178e0000 - 0x00007ffa17905000 	C:\sts-4.18.1\plugins\org.eclipse.justj.openjdk.hotspot.jre.full.win32.x86_64_17.0.7.v20230425-1502\jre\bin\java.dll
0x00007ffa13160000 - 0x00007ffa13178000 	C:\sts-4.18.1\plugins\org.eclipse.justj.openjdk.hotspot.jre.full.win32.x86_64_17.0.7.v20230425-1502\jre\bin\zip.dll
0x00007ffa4f860000 - 0x00007ffa4ffa4000 	C:\Windows\System32\SHELL32.dll
0x00007ffa4c960000 - 0x00007ffa4d0f2000 	C:\Windows\SYSTEM32\windows.storage.dll
0x00007ffa501a0000 - 0x00007ffa504f5000 	C:\Windows\System32\combase.dll
0x00007ffa4e390000 - 0x00007ffa4e3c0000 	C:\Windows\SYSTEM32\Wldp.dll
0x00007ffa50a40000 - 0x00007ffa50aed000 	C:\Windows\System32\SHCORE.dll
0x00007ffa50da0000 - 0x00007ffa50df5000 	C:\Windows\System32\shlwapi.dll
0x00007ffa4e950000 - 0x00007ffa4e96f000 	C:\Windows\SYSTEM32\profapi.dll
0x00007ffa4a140000 - 0x00007ffa4a159000 	C:\sts-4.18.1\plugins\org.eclipse.justj.openjdk.hotspot.jre.full.win32.x86_64_17.0.7.v20230425-1502\jre\bin\net.dll
0x00007ffa4d9c0000 - 0x00007ffa4dacc000 	C:\Windows\SYSTEM32\WINHTTP.dll
0x00007ffa4e170000 - 0x00007ffa4e1da000 	C:\Windows\system32\mswsock.dll
0x00007ffa268c0000 - 0x00007ffa268d5000 	C:\sts-4.18.1\plugins\org.eclipse.justj.openjdk.hotspot.jre.full.win32.x86_64_17.0.7.v20230425-1502\jre\bin\nio.dll
0x00007ffa28080000 - 0x00007ffa28089000 	C:\sts-4.18.1\plugins\org.eclipse.justj.openjdk.hotspot.jre.full.win32.x86_64_17.0.7.v20230425-1502\jre\bin\management.dll
0x00007ffa28000000 - 0x00007ffa2800b000 	C:\sts-4.18.1\plugins\org.eclipse.justj.openjdk.hotspot.jre.full.win32.x86_64_17.0.7.v20230425-1502\jre\bin\management_ext.dll
0x00007ffa50af0000 - 0x00007ffa50af8000 	C:\Windows\System32\PSAPI.DLL
0x00007ffa27700000 - 0x00007ffa27717000 	C:\Windows\system32\napinsp.dll
0x00007ffa276e0000 - 0x00007ffa276fb000 	C:\Windows\system32\pnrpnsp.dll
0x00007ffa48ee0000 - 0x00007ffa48ef5000 	C:\Windows\system32\wshbth.dll
0x00007ffa49b90000 - 0x00007ffa49bad000 	C:\Windows\system32\NLAapi.dll
0x00007ffa4de30000 - 0x00007ffa4de6b000 	C:\Windows\SYSTEM32\IPHLPAPI.DLL
0x00007ffa4de80000 - 0x00007ffa4df4a000 	C:\Windows\SYSTEM32\DNSAPI.dll
0x00007ffa4f440000 - 0x00007ffa4f448000 	C:\Windows\System32\NSI.dll
0x00007ffa276c0000 - 0x00007ffa276d2000 	C:\Windows\System32\winrnr.dll
0x00007ffa444e0000 - 0x00007ffa444ea000 	C:\Windows\System32\rasadhlp.dll
0x00007ffa46ec0000 - 0x00007ffa46f40000 	C:\Windows\System32\fwpuclnt.dll
0x00007ffa4ec30000 - 0x00007ffa4ec57000 	C:\Windows\System32\bcrypt.dll
0x00007ffa4e3d0000 - 0x00007ffa4e3e8000 	C:\Windows\SYSTEM32\CRYPTSP.dll
0x00007ffa4d930000 - 0x00007ffa4d964000 	C:\Windows\system32\rsaenh.dll
0x00007ffa4e910000 - 0x00007ffa4e93e000 	C:\Windows\SYSTEM32\USERENV.dll
0x00007ffa4e300000 - 0x00007ffa4e30c000 	C:\Windows\SYSTEM32\CRYPTBASE.dll
0x00007ffa47b80000 - 0x00007ffa47b97000 	C:\Windows\SYSTEM32\dhcpcsvc6.DLL
0x00007ffa47830000 - 0x00007ffa4784d000 	C:\Windows\SYSTEM32\dhcpcsvc.DLL
0x00007ffa2cbc0000 - 0x00007ffa2cbce000 	C:\sts-4.18.1\plugins\org.eclipse.justj.openjdk.hotspot.jre.full.win32.x86_64_17.0.7.v20230425-1502\jre\bin\sunmscapi.dll
0x00007ffa4ead0000 - 0x00007ffa4ec26000 	C:\Windows\System32\CRYPT32.dll
0x00007ffa4e4e0000 - 0x00007ffa4e507000 	C:\Windows\SYSTEM32\ncrypt.dll
0x00007ffa4e4a0000 - 0x00007ffa4e4db000 	C:\Windows\SYSTEM32\NTASN1.dll
0x00007ffa4a120000 - 0x00007ffa4a130000 	C:\sts-4.18.1\plugins\org.eclipse.justj.openjdk.hotspot.jre.full.win32.x86_64_17.0.7.v20230425-1502\jre\bin\verify.dll
0x00007ffa4a110000 - 0x00007ffa4a117000 	C:\Windows\system32\wshunix.dll

dbghelp: loaded successfully - version: 4.0.5 - missing functions: none
symbol engine: initialized successfully - sym options: 0x614 - pdb path: .;C:\sts-4.18.1\plugins\org.eclipse.justj.openjdk.hotspot.jre.full.win32.x86_64_17.0.7.v20230425-1502\jre\bin;C:\Windows\SYSTEM32;C:\Windows\WinSxS\amd64_microsoft.windows.common-controls_6595b64144ccf1df_6.0.19041.1110_none_60b5254171f9507e;C:\sts-4.18.1\plugins\org.eclipse.justj.openjdk.hotspot.jre.full.win32.x86_64_17.0.7.v20230425-1502\jre\bin\server

VM Arguments:
jvm_args: -Dcom.sun.management.jmxremote -Dcom.sun.management.jmxremote.port=64603 -Dcom.sun.management.jmxremote.authenticate=false -Dcom.sun.management.jmxremote.ssl=false -Djava.rmi.server.hostname=localhost -Dspring.jmx.enabled=true -Dmanagement.endpoints.jmx.exposure.include=* -Dspring.application.admin.enabled=true -XX:TieredStopAtLevel=1 -Dspring.boot.project.name=Algamoney-api -Dfile.encoding=UTF-8 -XX:+ShowCodeDetailsInExceptionMessages 
java_command: com.lsinformatica.algamoney.AlgamoneyApiApplication --spring.output.ansi.enabled=always
java_class_path (initial): C:\workjava\Algamoney-api\target\classes;C:\workjava\Algamoney-api\mysql-connector-j-8.0.33.jar;C:\Users\luciano.antonio\.m2\repository\org\springframework\boot\spring-boot-starter-data-jpa\3.1.0\spring-boot-starter-data-jpa-3.1.0.jar;C:\Users\luciano.antonio\.m2\repository\org\springframework\boot\spring-boot-starter-aop\3.1.0\spring-boot-starter-aop-3.1.0.jar;C:\Users\luciano.antonio\.m2\repository\org\aspectj\aspectjweaver\1.9.19\aspectjweaver-1.9.19.jar;C:\Users\luciano.antonio\.m2\repository\org\springframework\boot\spring-boot-starter-jdbc\3.1.0\spring-boot-starter-jdbc-3.1.0.jar;C:\Users\luciano.antonio\.m2\repository\com\zaxxer\HikariCP\5.0.1\HikariCP-5.0.1.jar;C:\Users\luciano.antonio\.m2\repository\org\springframework\spring-jdbc\6.0.9\spring-jdbc-6.0.9.jar;C:\Users\luciano.antonio\.m2\repository\org\hibernate\orm\hibernate-core\6.2.2.Final\hibernate-core-6.2.2.Final.jar;C:\Users\luciano.antonio\.m2\repository\jakarta\persistence\jakarta.persistence-api\3.1.0\jakarta.persistence-api-3.1.0.jar;C:\Users\luciano.antonio\.m2\repository\jakarta\transaction\jakarta.transaction-api\2.0.1\jakarta.transaction-api-2.0.1.jar;C:\Users\luciano.antonio\.m2\repository\org\jboss\logging\jboss-logging\3.5.0.Final\jboss-logging-3.5.0.Final.jar;C:\Users\luciano.antonio\.m2\repository\org\hibernate\common\hibernate-commons-annotations\6.0.6.Final\hibernate-commons-annotations-6.0.6.Final.jar;C:\Users\luciano.antonio\.m2\repository\io\smallrye\jandex\3.0.5\jandex-3.0.5.jar;C:\Users\luciano.antonio\.m2\repository\com\fasterxml\classmate\1.5.1\classmate-1.5.1.jar;C:\Users\luciano.antonio\.m2\repository\net\bytebuddy\byte-buddy\1.14.4\byte-buddy-1.14.4.jar;C:\Users\luciano.antonio\.m2\repository\org\glassfish\jaxb\jaxb-runtime\4.0.2\jaxb-runtime-4.0.2.jar;C:\Users\luciano.antonio\.m2\repository\org\glassfish\jaxb\jaxb-core\4.0.2\jaxb-core-4.0.2.jar;C:\Users\luciano.antonio\.m2\repository\org\eclipse\angus\angus-activation\2.0.0\angus-activation-2.0.0.
Launcher Type: SUN_STANDARD

[Global flags]
     intx CICompilerCount                          = 4                                         {product} {ergonomic}
     uint ConcGCThreads                            = 2                                         {product} {ergonomic}
     uint G1ConcRefinementThreads                  = 8                                         {product} {ergonomic}
   size_t G1HeapRegionSize                         = 2097152                                   {product} {ergonomic}
    uintx GCDrainStackTargetSize                   = 64                                        {product} {ergonomic}
   size_t InitialHeapSize                          = 264241152                                 {product} {ergonomic}
     bool ManagementServer                         = true                                      {product} {command line}
   size_t MarkStackSize                            = 4194304                                   {product} {ergonomic}
   size_t MaxHeapSize                              = 4227858432                                {product} {ergonomic}
   size_t MaxNewSize                               = 2535456768                                {product} {ergonomic}
   size_t MinHeapDeltaBytes                        = 2097152                                   {product} {ergonomic}
   size_t MinHeapSize                              = 8388608                                   {product} {ergonomic}
    uintx NonProfiledCodeHeapSize                  = 0                                      {pd product} {ergonomic}
     bool ProfileInterpreter                       = false                                  {pd product} {command line}
    uintx ProfiledCodeHeapSize                     = 0                                      {pd product} {ergonomic}
     bool ShowCodeDetailsInExceptionMessages       = true                                   {manageable} {command line}
   size_t SoftMaxHeapSize                          = 4227858432                             {manageable} {ergonomic}
     intx TieredStopAtLevel                        = 1                                         {product} {command line}
     bool UseCompressedClassPointers               = true                           {product lp64_product} {ergonomic}
     bool UseCompressedOops                        = true                           {product lp64_product} {ergonomic}
     bool UseG1GC                                  = true                                      {product} {ergonomic}
     bool UseLargePagesIndividualAllocation        = false                                  {pd product} {ergonomic}

Logging:
Log output configuration:
 #0: stdout all=warning uptime,level,tags
 #1: stderr all=off uptime,level,tags

Environment Variables:
PATH=C:/sts-4.18.1//plugins/org.eclipse.justj.openjdk.hotspot.jre.full.win32.x86_64_17.0.7.v20230425-1502/jre/bin/server;C:/sts-4.18.1//plugins/org.eclipse.justj.openjdk.hotspot.jre.full.win32.x86_64_17.0.7.v20230425-1502/jre/bin;C:\Windows\system32;C:\Windows;C:\Windows\System32\Wbem;C:\Windows\System32\WindowsPowerShell\v1.0\;C:\Windows\System32\OpenSSH\;C:\Program Files\Docker\Docker\resources\bin;C:\php;C:\composer;C:\Users\luciano.antonio\AppData\Local\Microsoft\WindowsApps;C:\Users\luciano.antonio\AppData\Local\Programs\Microsoft VS Code\bin;C:\Users\luciano.antonio\AppData\Local\Programs\Git\cmd;C:\sts-4.18.1;
USERNAME=luciano.antonio
OS=Windows_NT
PROCESSOR_IDENTIFIER=Intel64 Family 6 Model 140 Stepping 1, GenuineIntel
TMP=C:\Users\LUCIAN~1.ANT\AppData\Local\Temp
TEMP=C:\Users\LUCIAN~1.ANT\AppData\Local\Temp



---------------  S Y S T E M  ---------------

OS:
 Windows 10 , 64 bit Build 19041 (10.0.19041.2251)
OS uptime: 0 days 7:12 hours
Hyper-V role detected

CPU: total 8 (initial active 8) (4 cores per cpu, 2 threads per core) family 6 model 140 stepping 1 microcode 0x8a, cx8, cmov, fxsr, ht, mmx, 3dnowpref, sse, sse2, sse3, ssse3, sse4.1, sse4.2, popcnt, lzcnt, tsc, tscinvbit, avx, avx2, aes, erms, clmul, bmi1, bmi2, adx, avx512f, avx512dq, avx512cd, avx512bw, avx512vl, sha, fma, vzeroupper, avx512_vpopcntdq, avx512_vpclmulqdq, avx512_vaes, avx512_vnni, clflush, clflushopt, clwb, avx512_vbmi2, avx512_vbmi, hv

Memory: 4k page, system-wide physical 16125M (3184M free)
TotalPageFile size 24771M (AvailPageFile size 5541M)
current process WorkingSet (physical memory assigned to process): 113M, peak: 229M
current process commit charge ("private bytes"): 269M, peak: 361M

vm_info: OpenJDK 64-Bit Server VM (17.0.7+7) for windows-amd64 JRE (17.0.7+7), built on Apr 18 2023 22:10:42 by "temurin" with MS VC++ 16.7 (VS2019)

END.
